<?xml version="1.0" encoding="UTF-8"?>
<!-- Generated by org.testng.reporters.JUnitReportReporter -->
<testsuite skipped="0" hostname="LAPTOP-727E7OPM" name="com.sgtesting.assignments.Assignment6" tests="10" failures="0" timestamp="2021-06-03T13:35:29 IST" time="80.962" errors="0">
  <testcase name="LaunchBrowser" time="6.737" classname="com.sgtesting.assignments.Assignment6"/>
  <system-out/>
  <testcase name="navigate" time="2.397" classname="com.sgtesting.assignments.Assignment6"/>
  <system-out/>
  <testcase name="login" time="5.972" classname="com.sgtesting.assignments.Assignment6"/>
  <system-out/>
  <testcase name="createCustomer" time="15.323" classname="com.sgtesting.assignments.Assignment6"/>
  <system-out/>
  <testcase name="CreateProject" time="12.904" classname="com.sgtesting.assignments.Assignment6"/>
  <system-out/>
  <testcase name="modifyProject" time="10.922" classname="com.sgtesting.assignments.Assignment6"/>
  <system-out/>
  <testcase name="DeleteProject" time="8.825" classname="com.sgtesting.assignments.Assignment6"/>
  <system-out/>
  <testcase name="DeleteCustomer" time="13.317" classname="com.sgtesting.assignments.Assignment6"/>
  <system-out/>
  <testcase name="logout" time="2.239" classname="com.sgtesting.assignments.Assignment6"/>
  <system-out/>
  <testcase name="closeApplication" time="2.326" classname="com.sgtesting.assignments.Assignment6"/>
  <system-out/>
</testsuite> <!-- com.sgtesting.assignments.Assignment6 -->
