<?xml version="1.0" encoding="UTF-8"?>
<!-- Generated by org.testng.reporters.JUnitReportReporter -->
<testsuite skipped="0" hostname="LAPTOP-727E7OPM" name="com.sgtesting.assignments.Assignment5" tests="9" failures="0" timestamp="2021-06-03T13:35:29 IST" time="67.762" errors="0">
  <testcase name="LaunchBrowser" time="6.688" classname="com.sgtesting.assignments.Assignment5"/>
  <system-out/>
  <testcase name="navigate" time="2.320" classname="com.sgtesting.assignments.Assignment5"/>
  <system-out/>
  <testcase name="login" time="5.161" classname="com.sgtesting.assignments.Assignment5"/>
  <system-out/>
  <testcase name="CreateCustomer" time="7.249" classname="com.sgtesting.assignments.Assignment5"/>
  <system-out/>
  <testcase name="CreateProject" time="16.122" classname="com.sgtesting.assignments.Assignment5"/>
  <system-out/>
  <testcase name="DeleteProject" time="13.436" classname="com.sgtesting.assignments.Assignment5"/>
  <system-out/>
  <testcase name="DeleteCustomer" time="10.026" classname="com.sgtesting.assignments.Assignment5"/>
  <system-out/>
  <testcase name="logout" time="3.228" classname="com.sgtesting.assignments.Assignment5"/>
  <system-out/>
  <testcase name="closeApplication" time="3.532" classname="com.sgtesting.assignments.Assignment5"/>
  <system-out/>
</testsuite> <!-- com.sgtesting.assignments.Assignment5 -->
