<?xml version="1.0" encoding="UTF-8"?>
<!-- Generated by org.testng.reporters.JUnitReportReporter -->
<testsuite skipped="0" hostname="LAPTOP-727E7OPM" name="com.sgtesting.log4j.Assignment7" tests="11" failures="0" timestamp="2021-06-03T17:43:44 IST" time="76.141" errors="0">
  <testcase name="LaunchBrowser" time="8.579" classname="com.sgtesting.log4j.Assignment7"/>
  <system-out/>
  <testcase name="navigate" time="2.477" classname="com.sgtesting.log4j.Assignment7"/>
  <system-out/>
  <testcase name="login" time="5.342" classname="com.sgtesting.log4j.Assignment7"/>
  <system-out/>
  <testcase name="CreateCustomer" time="13.258" classname="com.sgtesting.log4j.Assignment7"/>
  <system-out/>
  <testcase name="CreateProject" time="11.111" classname="com.sgtesting.log4j.Assignment7"/>
  <system-out/>
  <testcase name="createTask" time="3.844" classname="com.sgtesting.log4j.Assignment7"/>
  <system-out/>
  <testcase name="deleteTask" time="0.049" classname="com.sgtesting.log4j.Assignment7"/>
  <system-out/>
  <testcase name="DeleteProject" time="16.321" classname="com.sgtesting.log4j.Assignment7"/>
  <system-out/>
  <testcase name="DeleteCustomer" time="9.055" classname="com.sgtesting.log4j.Assignment7"/>
  <system-out/>
  <testcase name="logout" time="3.225" classname="com.sgtesting.log4j.Assignment7"/>
  <system-out/>
  <testcase name="closeApplication" time="2.880" classname="com.sgtesting.log4j.Assignment7"/>
  <system-out/>
</testsuite> <!-- com.sgtesting.log4j.Assignment7 -->
