<?xml version="1.0" encoding="UTF-8"?>
<!-- Generated by org.testng.reporters.JUnitReportReporter -->
<testsuite skipped="0" hostname="LAPTOP-727E7OPM" name="com.sgtesting.log4j.Assignment9" tests="31" failures="0" timestamp="2021-06-04T14:18:39 IST" time="152.856" errors="0">
  <testcase name="launchBrowser" time="2.144" classname="com.sgtesting.log4j.Assignment9"/>
  <system-out/>
  <testcase name="navigate" time="4.035" classname="com.sgtesting.log4j.Assignment9"/>
  <system-out/>
  <testcase name="Adminlogin" time="2.232" classname="com.sgtesting.log4j.Assignment9"/>
  <system-out/>
  <testcase name="minimizeFlyOutWindow" time="1.064" classname="com.sgtesting.log4j.Assignment9"/>
  <system-out/>
  <testcase name="User1" time="11.397" classname="com.sgtesting.log4j.Assignment9"/>
  <system-out/>
  <testcase name="logout" time="2.223" classname="com.sgtesting.log4j.Assignment9"/>
  <system-out/>
  <testcase name="User1Loging" time="5.266" classname="com.sgtesting.log4j.Assignment9"/>
  <system-out/>
  <testcase name="User2" time="10.945" classname="com.sgtesting.log4j.Assignment9"/>
  <system-out/>
  <testcase name="User1logout" time="2.198" classname="com.sgtesting.log4j.Assignment9"/>
  <system-out/>
  <testcase name="User2Loging" time="5.279" classname="com.sgtesting.log4j.Assignment9"/>
  <system-out/>
  <testcase name="User3" time="10.946" classname="com.sgtesting.log4j.Assignment9"/>
  <system-out/>
  <testcase name="User2Logout" time="2.227" classname="com.sgtesting.log4j.Assignment9"/>
  <system-out/>
  <testcase name="Admin1login" time="2.180" classname="com.sgtesting.log4j.Assignment9"/>
  <system-out/>
  <testcase name="ModifyUser1" time="12.309" classname="com.sgtesting.log4j.Assignment9"/>
  <system-out/>
  <testcase name="Admin1logout" time="2.195" classname="com.sgtesting.log4j.Assignment9"/>
  <system-out/>
  <testcase name="User1LogingAgain" time="2.227" classname="com.sgtesting.log4j.Assignment9"/>
  <system-out/>
  <testcase name="ModifyUser2" time="12.323" classname="com.sgtesting.log4j.Assignment9"/>
  <system-out/>
  <testcase name="User1logoutAgain" time="2.189" classname="com.sgtesting.log4j.Assignment9"/>
  <system-out/>
  <testcase name="User2LogingAgain" time="2.226" classname="com.sgtesting.log4j.Assignment9"/>
  <system-out/>
  <testcase name="ModifyUser3" time="12.328" classname="com.sgtesting.log4j.Assignment9"/>
  <system-out/>
  <testcase name="User2LogoutAgain" time="2.203" classname="com.sgtesting.log4j.Assignment9"/>
  <system-out/>
  <testcase name="User2LogingAgainAgain" time="2.264" classname="com.sgtesting.log4j.Assignment9"/>
  <system-out/>
  <testcase name="deleteUser3" time="9.530" classname="com.sgtesting.log4j.Assignment9"/>
  <system-out/>
  <testcase name="User2LogoutAgainAgain" time="2.218" classname="com.sgtesting.log4j.Assignment9"/>
  <system-out/>
  <testcase name="User1LogingAgainAgain" time="2.226" classname="com.sgtesting.log4j.Assignment9"/>
  <system-out/>
  <testcase name="deleteUser2" time="10.126" classname="com.sgtesting.log4j.Assignment9"/>
  <system-out/>
  <testcase name="User1logoutAgainAgain" time="2.216" classname="com.sgtesting.log4j.Assignment9"/>
  <system-out/>
  <testcase name="Admin1loginAgain" time="2.181" classname="com.sgtesting.log4j.Assignment9"/>
  <system-out/>
  <testcase name="deleteUser1" time="9.621" classname="com.sgtesting.log4j.Assignment9"/>
  <system-out/>
  <testcase name="Admin1logoutAgainAgain" time="2.207" classname="com.sgtesting.log4j.Assignment9"/>
  <system-out/>
  <testcase name="closeApplication" time="0.131" classname="com.sgtesting.log4j.Assignment9"/>
  <system-out/>
</testsuite> <!-- com.sgtesting.log4j.Assignment9 -->
