<?xml version="1.0" encoding="UTF-8"?>
<!-- Generated by org.testng.reporters.JUnitReportReporter -->
<testsuite skipped="0" hostname="LAPTOP-727E7OPM" name="com.sgtesting.log4j.Assignment4" tests="8" failures="0" timestamp="2021-06-03T16:56:46 IST" time="40.804" errors="0">
  <testcase name="LaunchBrowser" time="6.405" classname="com.sgtesting.log4j.Assignment4"/>
  <system-out/>
  <testcase name="navigate" time="2.398" classname="com.sgtesting.log4j.Assignment4"/>
  <system-out/>
  <testcase name="login" time="5.279" classname="com.sgtesting.log4j.Assignment4"/>
  <system-out/>
  <testcase name="CreateCustomer" time="6.395" classname="com.sgtesting.log4j.Assignment4"/>
  <system-out/>
  <testcase name="DeleteCustomer" time="13.093" classname="com.sgtesting.log4j.Assignment4"/>
  <system-out/>
  <testcase name="ModifyCustomer" time="0.034" classname="com.sgtesting.log4j.Assignment4"/>
  <system-out/>
  <testcase name="logout" time="3.049" classname="com.sgtesting.log4j.Assignment4"/>
  <system-out/>
  <testcase name="closeApplication" time="4.151" classname="com.sgtesting.log4j.Assignment4"/>
  <system-out/>
</testsuite> <!-- com.sgtesting.log4j.Assignment4 -->
