<?xml version="1.0" encoding="UTF-8"?>
<!-- Generated by org.testng.reporters.JUnitReportReporter -->
<testsuite skipped="0" hostname="LAPTOP-727E7OPM" name="com.sgtesting.log4j.Assignment2" tests="8" failures="0" timestamp="2021-06-03T16:31:22 IST" time="110.643" errors="0">
  <testcase name="LaunchBrowser" time="29.012" classname="com.sgtesting.log4j.Assignment2"/>
  <system-out/>
  <testcase name="navigate" time="8.174" classname="com.sgtesting.log4j.Assignment2"/>
  <system-out/>
  <testcase name="login" time="6.551" classname="com.sgtesting.log4j.Assignment2"/>
  <system-out/>
  <testcase name="CreateUser" time="18.412" classname="com.sgtesting.log4j.Assignment2"/>
  <system-out/>
  <testcase name="ModifyUser" time="24.176" classname="com.sgtesting.log4j.Assignment2"/>
  <system-out/>
  <testcase name="DeleteUser" time="17.960" classname="com.sgtesting.log4j.Assignment2"/>
  <system-out/>
  <testcase name="logout" time="3.068" classname="com.sgtesting.log4j.Assignment2"/>
  <system-out/>
  <testcase name="closeApplication" time="3.290" classname="com.sgtesting.log4j.Assignment2"/>
  <system-out/>
</testsuite> <!-- com.sgtesting.log4j.Assignment2 -->
