<?xml version="1.0" encoding="UTF-8"?>
<!-- Generated by org.testng.reporters.JUnitReportReporter -->
<testsuite skipped="0" hostname="LAPTOP-727E7OPM" name="com.sgtesting.log4j.Assignment8" tests="20" failures="0" timestamp="2021-06-04T14:10:40 IST" time="98.577" errors="0">
  <testcase name="launchBrowser" time="2.496" classname="com.sgtesting.log4j.Assignment8"/>
  <system-out/>
  <testcase name="navigate" time="4.437" classname="com.sgtesting.log4j.Assignment8"/>
  <system-out/>
  <testcase name="Adminlogin" time="2.197" classname="com.sgtesting.log4j.Assignment8"/>
  <system-out/>
  <testcase name="minimizeFlyOutWindow" time="1.092" classname="com.sgtesting.log4j.Assignment8"/>
  <system-out/>
  <testcase name="User1" time="13.681" classname="com.sgtesting.log4j.Assignment8"/>
  <system-out/>
  <testcase name="User2" time="8.507" classname="com.sgtesting.log4j.Assignment8"/>
  <system-out/>
  <testcase name="User3" time="8.564" classname="com.sgtesting.log4j.Assignment8"/>
  <system-out/>
  <testcase name="logout" time="2.280" classname="com.sgtesting.log4j.Assignment8"/>
  <system-out/>
  <testcase name="User1Loging" time="5.517" classname="com.sgtesting.log4j.Assignment8"/>
  <system-out/>
  <testcase name="User1logout" time="2.196" classname="com.sgtesting.log4j.Assignment8"/>
  <system-out/>
  <testcase name="User2Loging" time="5.274" classname="com.sgtesting.log4j.Assignment8"/>
  <system-out/>
  <testcase name="User2Logout" time="2.180" classname="com.sgtesting.log4j.Assignment8"/>
  <system-out/>
  <testcase name="User3Loging" time="5.289" classname="com.sgtesting.log4j.Assignment8"/>
  <system-out/>
  <testcase name="User3Logout" time="2.178" classname="com.sgtesting.log4j.Assignment8"/>
  <system-out/>
  <testcase name="Admin1login" time="2.182" classname="com.sgtesting.log4j.Assignment8"/>
  <system-out/>
  <testcase name="deleteUser1" time="9.601" classname="com.sgtesting.log4j.Assignment8"/>
  <system-out/>
  <testcase name="deleteUser2" time="9.267" classname="com.sgtesting.log4j.Assignment8"/>
  <system-out/>
  <testcase name="deleteUser3" time="9.260" classname="com.sgtesting.log4j.Assignment8"/>
  <system-out/>
  <testcase name="Adminlogout" time="2.252" classname="com.sgtesting.log4j.Assignment8"/>
  <system-out/>
  <testcase name="closeApplication" time="0.127" classname="com.sgtesting.log4j.Assignment8"/>
  <system-out/>
</testsuite> <!-- com.sgtesting.log4j.Assignment8 -->
