<?xml version="1.0" encoding="UTF-8"?>
<!-- Generated by org.testng.reporters.JUnitReportReporter -->
<testsuite skipped="0" hostname="LAPTOP-727E7OPM" name="com.sgtesting.assignments.Assignment9" tests="31" failures="0" timestamp="2021-06-03T13:35:29 IST" time="161.261" errors="0">
  <testcase name="launchBrowser" time="1.461" classname="com.sgtesting.assignments.Assignment9"/>
  <system-out/>
  <testcase name="navigate" time="4.475" classname="com.sgtesting.assignments.Assignment9"/>
  <system-out/>
  <testcase name="Adminlogin" time="2.199" classname="com.sgtesting.assignments.Assignment9"/>
  <system-out/>
  <testcase name="minimizeFlyOutWindow" time="1.072" classname="com.sgtesting.assignments.Assignment9"/>
  <system-out/>
  <testcase name="User1" time="11.656" classname="com.sgtesting.assignments.Assignment9"/>
  <system-out/>
  <testcase name="logout" time="2.199" classname="com.sgtesting.assignments.Assignment9"/>
  <system-out/>
  <testcase name="User1Loging" time="14.315" classname="com.sgtesting.assignments.Assignment9"/>
  <system-out/>
  <testcase name="User2" time="11.001" classname="com.sgtesting.assignments.Assignment9"/>
  <system-out/>
  <testcase name="User1logout" time="2.192" classname="com.sgtesting.assignments.Assignment9"/>
  <system-out/>
  <testcase name="User2Loging" time="5.266" classname="com.sgtesting.assignments.Assignment9"/>
  <system-out/>
  <testcase name="User3" time="10.969" classname="com.sgtesting.assignments.Assignment9"/>
  <system-out/>
  <testcase name="User2Logout" time="2.228" classname="com.sgtesting.assignments.Assignment9"/>
  <system-out/>
  <testcase name="Admin1login" time="2.173" classname="com.sgtesting.assignments.Assignment9"/>
  <system-out/>
  <testcase name="ModifyUser1" time="12.360" classname="com.sgtesting.assignments.Assignment9"/>
  <system-out/>
  <testcase name="Admin1logout" time="2.212" classname="com.sgtesting.assignments.Assignment9"/>
  <system-out/>
  <testcase name="User1LogingAgain" time="2.222" classname="com.sgtesting.assignments.Assignment9"/>
  <system-out/>
  <testcase name="ModifyUser2" time="12.309" classname="com.sgtesting.assignments.Assignment9"/>
  <system-out/>
  <testcase name="User1logoutAgain" time="2.181" classname="com.sgtesting.assignments.Assignment9"/>
  <system-out/>
  <testcase name="User2LogingAgain" time="2.259" classname="com.sgtesting.assignments.Assignment9"/>
  <system-out/>
  <testcase name="ModifyUser3" time="12.269" classname="com.sgtesting.assignments.Assignment9"/>
  <system-out/>
  <testcase name="User2LogoutAgain" time="2.229" classname="com.sgtesting.assignments.Assignment9"/>
  <system-out/>
  <testcase name="User2LogingAgainAgain" time="2.213" classname="com.sgtesting.assignments.Assignment9"/>
  <system-out/>
  <testcase name="deleteUser3" time="9.552" classname="com.sgtesting.assignments.Assignment9"/>
  <system-out/>
  <testcase name="User2LogoutAgainAgain" time="2.206" classname="com.sgtesting.assignments.Assignment9"/>
  <system-out/>
  <testcase name="User1LogingAgainAgain" time="2.226" classname="com.sgtesting.assignments.Assignment9"/>
  <system-out/>
  <testcase name="deleteUser2" time="9.650" classname="com.sgtesting.assignments.Assignment9"/>
  <system-out/>
  <testcase name="User1logoutAgainAgain" time="2.213" classname="com.sgtesting.assignments.Assignment9"/>
  <system-out/>
  <testcase name="Admin1loginAgain" time="2.179" classname="com.sgtesting.assignments.Assignment9"/>
  <system-out/>
  <testcase name="deleteUser1" time="9.495" classname="com.sgtesting.assignments.Assignment9"/>
  <system-out/>
  <testcase name="Admin1logoutAgainAgain" time="2.183" classname="com.sgtesting.assignments.Assignment9"/>
  <system-out/>
  <testcase name="closeApplication" time="0.097" classname="com.sgtesting.assignments.Assignment9"/>
  <system-out/>
</testsuite> <!-- com.sgtesting.assignments.Assignment9 -->
