<?xml version="1.0" encoding="UTF-8"?>
<!-- Generated by org.testng.reporters.JUnitReportReporter -->
<testsuite skipped="0" hostname="LAPTOP-727E7OPM" name="com.sgtesting.log4j.Assignment3" tests="7" failures="0" timestamp="2021-06-03T16:45:09 IST" time="43.264" errors="0">
  <testcase name="LaunchBrowser" time="10.288" classname="com.sgtesting.log4j.Assignment3"/>
  <system-out/>
  <testcase name="navigate" time="3.047" classname="com.sgtesting.log4j.Assignment3"/>
  <system-out/>
  <testcase name="login" time="5.352" classname="com.sgtesting.log4j.Assignment3"/>
  <system-out/>
  <testcase name="CreateCustomer" time="4.388" classname="com.sgtesting.log4j.Assignment3"/>
  <system-out/>
  <testcase name="DeleteCustomer" time="13.152" classname="com.sgtesting.log4j.Assignment3"/>
  <system-out/>
  <testcase name="logout" time="2.322" classname="com.sgtesting.log4j.Assignment3"/>
  <system-out/>
  <testcase name="closeApplication" time="4.715" classname="com.sgtesting.log4j.Assignment3"/>
  <system-out/>
</testsuite> <!-- com.sgtesting.log4j.Assignment3 -->
