<?xml version="1.0" encoding="UTF-8"?>
<!-- Generated by org.testng.reporters.JUnitReportReporter -->
<testsuite skipped="0" hostname="LAPTOP-727E7OPM" name="com.sgtesting.log4j.Assignment1" tests="7" failures="0" timestamp="2021-06-03T16:19:22 IST" time="49.219" errors="0">
  <testcase name="LaunchBrowser" time="5.265" classname="com.sgtesting.log4j.Assignment1"/>
  <system-out/>
  <testcase name="navigate" time="5.302" classname="com.sgtesting.log4j.Assignment1"/>
  <system-out/>
  <testcase name="login" time="4.433" classname="com.sgtesting.log4j.Assignment1"/>
  <system-out/>
  <testcase name="CreateUser" time="19.414" classname="com.sgtesting.log4j.Assignment1"/>
  <system-out/>
  <testcase name="DeleteUser" time="8.342" classname="com.sgtesting.log4j.Assignment1"/>
  <system-out/>
  <testcase name="logout" time="2.317" classname="com.sgtesting.log4j.Assignment1"/>
  <system-out/>
  <testcase name="closeApplication" time="4.146" classname="com.sgtesting.log4j.Assignment1"/>
  <system-out/>
</testsuite> <!-- com.sgtesting.log4j.Assignment1 -->
