<?xml version="1.0" encoding="UTF-8"?>
<!-- Generated by org.testng.reporters.JUnitReportReporter -->
<testsuite skipped="0" hostname="LAPTOP-727E7OPM" name="com.sgtesting.assignments.Assignment4" tests="8" failures="0" timestamp="2021-06-03T13:35:29 IST" time="49.871" errors="0">
  <testcase name="LaunchBrowser" time="7.535" classname="com.sgtesting.assignments.Assignment4"/>
  <system-out/>
  <testcase name="navigate" time="2.359" classname="com.sgtesting.assignments.Assignment4"/>
  <system-out/>
  <testcase name="login" time="5.060" classname="com.sgtesting.assignments.Assignment4"/>
  <system-out/>
  <testcase name="CreateCustomer" time="7.236" classname="com.sgtesting.assignments.Assignment4"/>
  <system-out/>
  <testcase name="ModifyCustomer" time="15.899" classname="com.sgtesting.assignments.Assignment4"/>
  <system-out/>
  <testcase name="DeleteCustomer" time="7.027" classname="com.sgtesting.assignments.Assignment4"/>
  <system-out/>
  <testcase name="logout" time="3.217" classname="com.sgtesting.assignments.Assignment4"/>
  <system-out/>
  <testcase name="closeApplication" time="1.538" classname="com.sgtesting.assignments.Assignment4"/>
  <system-out/>
</testsuite> <!-- com.sgtesting.assignments.Assignment4 -->
