<?xml version="1.0" encoding="UTF-8"?>
<!-- Generated by org.testng.reporters.JUnitReportReporter -->
<testsuite skipped="0" hostname="LAPTOP-727E7OPM" name="com.sgtesting.log4j.Assignment5" tests="9" failures="0" timestamp="2021-06-03T17:19:40 IST" time="76.544" errors="0">
  <testcase name="LaunchBrowser" time="8.707" classname="com.sgtesting.log4j.Assignment5"/>
  <system-out/>
  <testcase name="navigate" time="2.793" classname="com.sgtesting.log4j.Assignment5"/>
  <system-out/>
  <testcase name="login" time="5.406" classname="com.sgtesting.log4j.Assignment5"/>
  <system-out/>
  <testcase name="CreateCustomer" time="13.384" classname="com.sgtesting.log4j.Assignment5"/>
  <system-out/>
  <testcase name="CreateProject" time="16.210" classname="com.sgtesting.log4j.Assignment5"/>
  <system-out/>
  <testcase name="DeleteProject" time="13.424" classname="com.sgtesting.log4j.Assignment5"/>
  <system-out/>
  <testcase name="DeleteCustomer" time="10.083" classname="com.sgtesting.log4j.Assignment5"/>
  <system-out/>
  <testcase name="logout" time="3.334" classname="com.sgtesting.log4j.Assignment5"/>
  <system-out/>
  <testcase name="closeApplication" time="3.203" classname="com.sgtesting.log4j.Assignment5"/>
  <system-out/>
</testsuite> <!-- com.sgtesting.log4j.Assignment5 -->
