<?xml version="1.0" encoding="UTF-8"?>
<!-- Generated by org.testng.reporters.JUnitReportReporter -->
<testsuite skipped="0" hostname="LAPTOP-727E7OPM" name="com.sgtesting.assignments.Assignment3" tests="7" failures="0" timestamp="2021-06-03T13:35:29 IST" time="30.196" errors="0">
  <testcase name="LaunchBrowser" time="8.830" classname="com.sgtesting.assignments.Assignment3"/>
  <system-out/>
  <testcase name="navigate" time="2.381" classname="com.sgtesting.assignments.Assignment3"/>
  <system-out/>
  <testcase name="login" time="5.049" classname="com.sgtesting.assignments.Assignment3"/>
  <system-out/>
  <testcase name="CreateCustomer" time="3.240" classname="com.sgtesting.assignments.Assignment3"/>
  <system-out/>
  <testcase name="DeleteCustomer" time="4.068" classname="com.sgtesting.assignments.Assignment3"/>
  <system-out/>
  <testcase name="logout" time="2.238" classname="com.sgtesting.assignments.Assignment3"/>
  <system-out/>
  <testcase name="closeApplication" time="4.390" classname="com.sgtesting.assignments.Assignment3"/>
  <system-out/>
</testsuite> <!-- com.sgtesting.assignments.Assignment3 -->
