<?xml version="1.0" encoding="UTF-8"?>
<!-- Generated by org.testng.reporters.JUnitReportReporter -->
<testsuite skipped="0" hostname="LAPTOP-727E7OPM" name="com.sgtesting.assignments.Assignment1" tests="7" failures="0" timestamp="2021-06-03T13:35:29 IST" time="36.184" errors="0">
  <testcase name="LaunchBrowser" time="5.486" classname="com.sgtesting.assignments.Assignment1"/>
  <system-out/>
  <testcase name="navigate" time="5.278" classname="com.sgtesting.assignments.Assignment1"/>
  <system-out/>
  <testcase name="login" time="4.403" classname="com.sgtesting.assignments.Assignment1"/>
  <system-out/>
  <testcase name="CreateUser" time="6.370" classname="com.sgtesting.assignments.Assignment1"/>
  <system-out/>
  <testcase name="DeleteUser" time="8.216" classname="com.sgtesting.assignments.Assignment1"/>
  <system-out/>
  <testcase name="logout" time="2.261" classname="com.sgtesting.assignments.Assignment1"/>
  <system-out/>
  <testcase name="closeApplication" time="4.170" classname="com.sgtesting.assignments.Assignment1"/>
  <system-out/>
</testsuite> <!-- com.sgtesting.assignments.Assignment1 -->
