<?xml version="1.0" encoding="UTF-8"?>
<!-- Generated by org.testng.reporters.JUnitReportReporter -->
<testsuite skipped="0" hostname="LAPTOP-727E7OPM" name="com.sgtesting.assignments.Assignment7" tests="11" failures="0" timestamp="2021-06-03T13:35:29 IST" time="55.910" errors="0">
  <testcase name="LaunchBrowser" time="7.899" classname="com.sgtesting.assignments.Assignment7"/>
  <system-out/>
  <testcase name="navigate" time="2.331" classname="com.sgtesting.assignments.Assignment7"/>
  <system-out/>
  <testcase name="login" time="5.120" classname="com.sgtesting.assignments.Assignment7"/>
  <system-out/>
  <testcase name="CreateCustomer" time="6.228" classname="com.sgtesting.assignments.Assignment7"/>
  <system-out/>
  <testcase name="CreateProject" time="5.071" classname="com.sgtesting.assignments.Assignment7"/>
  <system-out/>
  <testcase name="createTask" time="4.820" classname="com.sgtesting.assignments.Assignment7"/>
  <system-out/>
  <testcase name="deleteTask" time="7.057" classname="com.sgtesting.assignments.Assignment7"/>
  <system-out/>
  <testcase name="DeleteProject" time="8.380" classname="com.sgtesting.assignments.Assignment7"/>
  <system-out/>
  <testcase name="DeleteCustomer" time="3.044" classname="com.sgtesting.assignments.Assignment7"/>
  <system-out/>
  <testcase name="logout" time="3.231" classname="com.sgtesting.assignments.Assignment7"/>
  <system-out/>
  <testcase name="closeApplication" time="2.729" classname="com.sgtesting.assignments.Assignment7"/>
  <system-out/>
</testsuite> <!-- com.sgtesting.assignments.Assignment7 -->
