<?xml version="1.0" encoding="UTF-8"?>
<!-- Generated by org.testng.reporters.JUnitReportReporter -->
<testsuite skipped="0" hostname="LAPTOP-727E7OPM" name="com.sgtesting.log4j.Assignment6" tests="10" failures="0" timestamp="2021-06-03T17:31:08 IST" time="78.047" errors="0">
  <testcase name="LaunchBrowser" time="7.477" classname="com.sgtesting.log4j.Assignment6"/>
  <system-out/>
  <testcase name="navigate" time="2.431" classname="com.sgtesting.log4j.Assignment6"/>
  <system-out/>
  <testcase name="login" time="5.272" classname="com.sgtesting.log4j.Assignment6"/>
  <system-out/>
  <testcase name="createCustomer" time="13.473" classname="com.sgtesting.log4j.Assignment6"/>
  <system-out/>
  <testcase name="CreateProject" time="12.962" classname="com.sgtesting.log4j.Assignment6"/>
  <system-out/>
  <testcase name="modifyProject" time="10.940" classname="com.sgtesting.log4j.Assignment6"/>
  <system-out/>
  <testcase name="DeleteProject" time="6.835" classname="com.sgtesting.log4j.Assignment6"/>
  <system-out/>
  <testcase name="DeleteCustomer" time="13.371" classname="com.sgtesting.log4j.Assignment6"/>
  <system-out/>
  <testcase name="logout" time="2.270" classname="com.sgtesting.log4j.Assignment6"/>
  <system-out/>
  <testcase name="closeApplication" time="3.016" classname="com.sgtesting.log4j.Assignment6"/>
  <system-out/>
</testsuite> <!-- com.sgtesting.log4j.Assignment6 -->
