<?xml version="1.0" encoding="UTF-8"?>
<!-- Generated by org.testng.reporters.JUnitReportReporter -->
<testsuite skipped="0" hostname="LAPTOP-727E7OPM" name="com.sgtesting.assignments.Assignment2" tests="8" failures="0" timestamp="2021-06-03T13:35:29 IST" time="72.977" errors="0">
  <testcase name="LaunchBrowser" time="13.958" classname="com.sgtesting.assignments.Assignment2"/>
  <system-out/>
  <testcase name="navigate" time="2.968" classname="com.sgtesting.assignments.Assignment2"/>
  <system-out/>
  <testcase name="login" time="5.153" classname="com.sgtesting.assignments.Assignment2"/>
  <system-out/>
  <testcase name="CreateUser" time="6.763" classname="com.sgtesting.assignments.Assignment2"/>
  <system-out/>
  <testcase name="ModifyUser" time="21.956" classname="com.sgtesting.assignments.Assignment2"/>
  <system-out/>
  <testcase name="DeleteUser" time="17.489" classname="com.sgtesting.assignments.Assignment2"/>
  <system-out/>
  <testcase name="logout" time="1.847" classname="com.sgtesting.assignments.Assignment2"/>
  <system-out/>
  <testcase name="closeApplication" time="2.843" classname="com.sgtesting.assignments.Assignment2"/>
  <system-out/>
</testsuite> <!-- com.sgtesting.assignments.Assignment2 -->
