<?xml version="1.0" encoding="UTF-8"?>
<!-- Generated by org.testng.reporters.JUnitReportReporter -->
<testsuite skipped="0" hostname="LAPTOP-727E7OPM" name="com.sgtesting.assignments.Assignment8" tests="20" failures="0" timestamp="2021-06-03T13:35:29 IST" time="105.987" errors="0">
  <testcase name="launchBrowser" time="1.839" classname="com.sgtesting.assignments.Assignment8"/>
  <system-out/>
  <testcase name="navigate" time="4.604" classname="com.sgtesting.assignments.Assignment8"/>
  <system-out/>
  <testcase name="Adminlogin" time="2.176" classname="com.sgtesting.assignments.Assignment8"/>
  <system-out/>
  <testcase name="minimizeFlyOutWindow" time="1.057" classname="com.sgtesting.assignments.Assignment8"/>
  <system-out/>
  <testcase name="User1" time="11.367" classname="com.sgtesting.assignments.Assignment8"/>
  <system-out/>
  <testcase name="User2" time="8.553" classname="com.sgtesting.assignments.Assignment8"/>
  <system-out/>
  <testcase name="User3" time="8.555" classname="com.sgtesting.assignments.Assignment8"/>
  <system-out/>
  <testcase name="logout" time="2.233" classname="com.sgtesting.assignments.Assignment8"/>
  <system-out/>
  <testcase name="User1Loging" time="15.943" classname="com.sgtesting.assignments.Assignment8"/>
  <system-out/>
  <testcase name="User1logout" time="2.215" classname="com.sgtesting.assignments.Assignment8"/>
  <system-out/>
  <testcase name="User2Loging" time="5.282" classname="com.sgtesting.assignments.Assignment8"/>
  <system-out/>
  <testcase name="User2Logout" time="2.228" classname="com.sgtesting.assignments.Assignment8"/>
  <system-out/>
  <testcase name="User3Loging" time="5.276" classname="com.sgtesting.assignments.Assignment8"/>
  <system-out/>
  <testcase name="User3Logout" time="2.192" classname="com.sgtesting.assignments.Assignment8"/>
  <system-out/>
  <testcase name="Admin1login" time="2.230" classname="com.sgtesting.assignments.Assignment8"/>
  <system-out/>
  <testcase name="deleteUser1" time="9.526" classname="com.sgtesting.assignments.Assignment8"/>
  <system-out/>
  <testcase name="deleteUser2" time="9.209" classname="com.sgtesting.assignments.Assignment8"/>
  <system-out/>
  <testcase name="deleteUser3" time="9.200" classname="com.sgtesting.assignments.Assignment8"/>
  <system-out/>
  <testcase name="Adminlogout" time="2.203" classname="com.sgtesting.assignments.Assignment8"/>
  <system-out/>
  <testcase name="closeApplication" time="0.099" classname="com.sgtesting.assignments.Assignment8"/>
  <system-out/>
</testsuite> <!-- com.sgtesting.assignments.Assignment8 -->
